<?xml version="1.0" encoding="UTF-8"?>
<!-- Generated by org.testng.reporters.JUnitReportReporter -->
<testsuite hostname="Laurentias-MacBook-Air.local" failures="0" tests="1" name="tests.LoginTest" time="4.547" errors="0" timestamp="2025-04-09T22:13:36 WIB" skipped="0">
  <testcase classname="tests.LoginTest" name="testValidLogin" time="4.547"/>
</testsuite> <!-- tests.LoginTest -->
