<?xml version="1.0" encoding="UTF-8"?>
<!-- Generated by org.testng.reporters.JUnitReportReporter -->
<testsuite hostname="NBFORB-SE08" failures="0" tests="1" name="tests.LoginTest" time="4.076" errors="0" timestamp="2025-04-10T11:08:13 WIB" skipped="0">
  <testcase classname="tests.LoginTest" name="testValidLogin" time="4.076"/>
</testsuite> <!-- tests.LoginTest -->
