<?xml version="1.0" encoding="UTF-8"?>
<!-- Generated by org.testng.reporters.JUnitReportReporter -->
<testsuite hostname="NBFORB-SE08" failures="0" tests="1" name="tests.LoginTest" time="3.582" errors="0" timestamp="2025-04-10T09:50:11 WIB" skipped="0">
  <testcase classname="tests.LoginTest" name="testValidLogin" time="3.582"/>
</testsuite> <!-- tests.LoginTest -->
