<?xml version="1.0" encoding="UTF-8"?>
<!-- Generated by org.testng.reporters.JUnitReportReporter -->
<testsuite hostname="NBFORB-SE08" failures="0" tests="1" name="tests.LoginTest" time="11.530" errors="0" timestamp="2025-04-11T09:45:11 WIB" skipped="0">
  <testcase classname="tests.LoginTest" name="testValidLogin" time="11.530"/>
</testsuite> <!-- tests.LoginTest -->
